{"level":"warn","message":"Fail Request GET a la ruta: /favicon.ico (No implementada)"}
{"level":"warn","message":"Fail Request GET a la ruta: /cart (No implementada)"}
{"level":"warn","message":"Fail Request GET a la ruta: /cart (No implementada)"}
{"level":"warn","message":"Fail Request GET a la ruta: /cart (No implementada)"}
{"level":"warn","message":"Fail Request GET a la ruta: /cart (No implementada)"}
{"level":"warn","message":"Fail Request GET a la ruta: /js/cart.js (No implementada)"}
{"level":"warn","message":"Fail Request GET a la ruta: /favicon.ico (No implementada)"}
{"level":"error","message":"Error al obtener objeto con id auth de la colección carritosProyecto...CastError: Cast to ObjectId failed for value \"auth\" (type string) at path \"_id\" for model \"carritosProyecto\""}
{"level":"error","message":"Error al obtener objeto con id null de la colección carritosProyecto...id null"}
{"level":"error","message":"Error al obtener objeto con id null de la colección carritosProyecto...id null"}
{"level":"error","message":"Error al obtener objeto con id null de la colección carritosProyecto...id null"}
{"level":"error","message":"Error al obtener objeto con id null de la colección carritosProyecto...id null"}
{"level":"error","message":"No es posible actualizar stock del producto con id"}
{"level":"error","message":"No es posible actualizar stock del producto con id"}
{"level":"error","message":"No es posible actualizar stock del producto con id"}
{"level":"error","message":"No es posible actualizar stock del producto con id"}
{"level":"error","message":"No es posible actualizar stock del producto con id"}
{"level":"error","message":"No es posible actualizar stock del producto con id"}
{"level":"error","message":"Error al obtener objeto con id null de la colección carritosProyecto...id null"}
{"level":"error","message":"Error al obtener objeto con id null de la colección carritosProyecto...id null"}
{"level":"warn","message":"Fail Request POST a la ruta: /lookup (No implementada)"}
{"level":"warn","message":"Fail Request GET a la ruta: /useraccount (No implementada)"}
{"level":"warn","message":"Fail Request GET a la ruta: /useraccount (No implementada)"}
{"level":"error","message":"Error al obtener objeto con id null de la colección carritosProyecto...id null"}
{"level":"error","message":"Error al obtener objeto con id null de la colección carritosProyecto...id null"}
{"level":"error","message":"Error al obtener objeto con id auth de la colección carritosProyecto...CastError: Cast to ObjectId failed for value \"auth\" (type string) at path \"_id\" for model \"carritosProyecto\""}
{"level":"warn","message":"Fail Request GET a la ruta: /favicon.ico (No implementada)"}
{"code":63007,"level":"error","moreInfo":"https://www.twilio.com/docs/errors/63007","status":400}
{"level":"warn","message":"Fail Request GET a la ruta: /favicon.ico (No implementada)"}
{"level":"error","message":"Error al obtener objeto con id null de la colección carritosProyecto...id null"}
{"level":"error","message":"Error al obtener objeto con id null de la colección carritosProyecto...id null"}
{"level":"error","message":"Error al obtener objeto con id null de la colección carritosProyecto...id null"}
{"level":"error","message":"Error al obtener objeto con id null de la colección carritosProyecto...id null"}
{"level":"error","message":"No es posible actualizar stock del producto con id"}
{"level":"error","message":"Error al obtener objeto con id auth de la colección carritosProyecto...CastError: Cast to ObjectId failed for value \"auth\" (type string) at path \"_id\" for model \"carritosProyecto\""}
